#
# There is insufficient memory for the Java Runtime Environment to continue.
# Native memory allocation (malloc) failed to allocate 744656 bytes for Chunk::new
# Possible reasons:
#   The system is out of physical RAM or swap space
#   The process is running with CompressedOops enabled, and the Java Heap may be blocking the growth of the native heap
# Possible solutions:
#   Reduce memory load on the system
#   Increase physical memory or swap space
#   Check if swap backing store is full
#   Decrease Java heap size (-Xmx/-Xms)
#   Decrease number of Java threads
#   Decrease Java thread stack sizes (-Xss)
#   Set larger code cache with -XX:ReservedCodeCacheSize=
#   JVM is running with Zero Based Compressed Oops mode in which the Java heap is
#     placed in the first 32GB address space. The Java Heap base address is the
#     maximum limit for the native heap growth. Please use -XX:HeapBaseMinAddress
#     to set the Java Heap base and to place the Java Heap above 32GB virtual address.
# This output file may be truncated or incomplete.
#
#  Out of Memory Error (allocation.cpp:389), pid=12244, tid=0x0000000000004fe4
#
# JRE version: OpenJDK Runtime Environment (8.0_212-b04) (build 1.8.0_212-release-1586-b04)
# Java VM: OpenJDK 64-Bit Server VM (25.212-b04 mixed mode windows-amd64 compressed oops)
# Failed to write core dump. Minidumps are not enabled by default on client versions of Windows
#

---------------  T H R E A D  ---------------

Current thread (0x00000000198a2000):  JavaThread "C2 CompilerThread2" daemon [_thread_in_native, id=20452, stack(0x000000001a370000,0x000000001a470000)]

Stack: [0x000000001a370000,0x000000001a470000]
[error occurred during error reporting (printing stack bounds), id 0xc0000005]

Native frames: (J=compiled Java code, j=interpreted, Vv=VM code, C=native code)


Current CompileTask:
C2:3060381 9703   !   4       com.sun.org.apache.xerces.internal.impl.XMLDocumentFragmentScannerImpl$FragmentContentDriver::next (2346 bytes)


---------------  P R O C E S S  ---------------

Java Threads: ( => current thread )
  0x0000000020174800 JavaThread "WorkerExecutor Queue" [_thread_blocked, id=19072, stack(0x0000000029020000,0x0000000029120000)]
  0x000000002016d000 JavaThread "Cache worker for execution history cache (C:\Users\saksh\AndroidStudioProjects\bluetooth_trial\.gradle\5.6.4\executionHistory)" [_thread_blocked, id=9768, stack(0x0000000028f20000,0x0000000029020000)]
  0x000000002016e000 JavaThread "Execution worker for ':' Thread 7" [_thread_blocked, id=19740, stack(0x0000000028e20000,0x0000000028f20000)]
  0x0000000020173000 JavaThread "Execution worker for ':' Thread 6" [_thread_blocked, id=19528, stack(0x0000000028d20000,0x0000000028e20000)]
  0x0000000020174000 JavaThread "Execution worker for ':' Thread 5" [_thread_blocked, id=3872, stack(0x0000000028c20000,0x0000000028d20000)]
  0x000000002016e800 JavaThread "Execution worker for ':' Thread 4" [_thread_blocked, id=15916, stack(0x0000000028b20000,0x0000000028c20000)]
  0x000000002016b800 JavaThread "Execution worker for ':' Thread 3" [_thread_in_native, id=15860, stack(0x0000000028a20000,0x0000000028b20000)]
  0x0000000020171000 JavaThread "Execution worker for ':' Thread 2" [_thread_blocked, id=7776, stack(0x0000000027940000,0x0000000027a40000)]
  0x0000000020172800 JavaThread "Execution worker for ':'" [_thread_blocked, id=10092, stack(0x0000000027840000,0x0000000027940000)]
  0x000000002016c800 JavaThread "Cache worker for file content cache (C:\Users\saksh\AndroidStudioProjects\bluetooth_trial\.gradle\5.6.4\fileContent)" [_thread_blocked, id=16656, stack(0x0000000027740000,0x0000000027840000)]
  0x0000000020171800 JavaThread "Cache worker for file content cache (C:\Users\saksh\.gradle\caches\5.6.4\fileContent)" [_thread_blocked, id=12104, stack(0x0000000027640000,0x0000000027740000)]
  0x000000001c0fc800 JavaThread "Cache worker for Build Output Cleanup Cache (C:\Users\saksh\AndroidStudioProjects\bluetooth_trial\.gradle\buildOutputCleanup)" [_thread_blocked, id=17252, stack(0x00000000262b0000,0x00000000263b0000)]
  0x000000001c0fc000 JavaThread "pool-3-thread-1" [_thread_blocked, id=17200, stack(0x0000000024db0000,0x0000000024eb0000)]
  0x000000001c101000 JavaThread "Build operations Thread 8" [_thread_blocked, id=12940, stack(0x00000000248b0000,0x00000000249b0000)]
  0x000000001cbd1000 JavaThread "Build operations Thread 7" [_thread_blocked, id=9812, stack(0x00000000245b0000,0x00000000246b0000)]
  0x000000001cbd0800 JavaThread "Build operations Thread 6" [_thread_blocked, id=19088, stack(0x00000000244b0000,0x00000000245b0000)]
  0x000000001cbd5000 JavaThread "Build operations Thread 5" [_thread_blocked, id=16612, stack(0x00000000243b0000,0x00000000244b0000)]
  0x000000001cbd6800 JavaThread "Build operations Thread 4" [_thread_blocked, id=8780, stack(0x00000000242b0000,0x00000000243b0000)]
  0x000000001cbd2800 JavaThread "Build operations Thread 3" [_thread_blocked, id=20148, stack(0x00000000241b0000,0x00000000242b0000)]
  0x000000001cbd7000 JavaThread "Build operations Thread 2" [_thread_blocked, id=5436, stack(0x00000000240b0000,0x00000000241b0000)]
  0x000000001cbd2000 JavaThread "Build operations" [_thread_blocked, id=6520, stack(0x0000000023fb0000,0x00000000240b0000)]
  0x000000001cbc9800 JavaThread "Cache worker for cache directory md-rule (C:\Users\saksh\.gradle\caches\5.6.4\md-rule)" [_thread_blocked, id=17524, stack(0x0000000023eb0000,0x0000000023fb0000)]
  0x000000001cbcf800 JavaThread "Cache worker for cache directory md-supplier (C:\Users\saksh\.gradle\caches\5.6.4\md-supplier)" [_thread_blocked, id=16976, stack(0x0000000021000000,0x0000000021100000)]
  0x000000001cbcf000 JavaThread "Cache worker for file hash cache (C:\Users\saksh\AndroidStudioProjects\bluetooth_trial\.gradle\5.6.4\fileHashes)" [_thread_blocked, id=14492, stack(0x000000001dec0000,0x000000001dfc0000)]
  0x000000001cbcc000 JavaThread "Thread-32" [_thread_blocked, id=9228, stack(0x000000001ddc0000,0x000000001dec0000)]
  0x000000001cbc8000 JavaThread "Stdin handler" [_thread_blocked, id=5916, stack(0x000000001dcc0000,0x000000001ddc0000)]
  0x000000001cbce000 JavaThread "Asynchronous log dispatcher for DefaultDaemonConnection: socket connection from /127.0.0.1:51782 to /127.0.0.1:52233" [_thread_blocked, id=9848, stack(0x000000001d9c0000,0x000000001dac0000)]
  0x000000001cbcd800 JavaThread "Daemon worker Thread 2" [_thread_blocked, id=13296, stack(0x000000001d8c0000,0x000000001d9c0000)]
  0x000000001cbcb000 JavaThread "Cancel handler" [_thread_blocked, id=10904, stack(0x0000000000ce0000,0x0000000000de0000)]
  0x000000001cbca800 JavaThread "Handler for socket connection from /127.0.0.1:51782 to /127.0.0.1:52233" [_thread_in_native, id=20272, stack(0x0000000000be0000,0x0000000000ce0000)]
  0x000000001cbc9000 JavaThread "Daemon Thread 2" [_thread_blocked, id=11500, stack(0x00000000009d0000,0x0000000000ad0000)]
  0x000000001cbd3800 JavaThread "Memory manager" [_thread_blocked, id=14616, stack(0x00000000254b0000,0x00000000255b0000)]
  0x000000001c0fe000 JavaThread "Cache worker for execution history cache (C:\Users\saksh\.gradle\caches\5.6.4\executionHistory)" [_thread_blocked, id=20524, stack(0x00000000229e0000,0x0000000022ae0000)]
  0x000000001c0ff800 JavaThread "Cache worker for journal cache (C:\Users\saksh\.gradle\caches\journal-1)" [_thread_blocked, id=17796, stack(0x000000001e4c0000,0x000000001e5c0000)]
  0x000000001c0ff000 JavaThread "File lock request listener" [_thread_in_native, id=1712, stack(0x000000001e3c0000,0x000000001e4c0000)]
  0x000000001c16d800 JavaThread "Cache worker for file hash cache (C:\Users\saksh\.gradle\caches\5.6.4\fileHashes)" [_thread_blocked, id=2000, stack(0x000000001e2c0000,0x000000001e3c0000)]
  0x000000001c512000 JavaThread "Daemon periodic checks" [_thread_blocked, id=8996, stack(0x000000001d7c0000,0x000000001d8c0000)]
  0x000000001c4c7000 JavaThread "Incoming local TCP Connector on port 51782" [_thread_in_native, id=21228, stack(0x000000001d580000,0x000000001d680000)]
  0x0000000019b00800 JavaThread "Daemon health stats" [_thread_blocked, id=12396, stack(0x000000001bf40000,0x000000001c040000)]
  0x0000000019929800 JavaThread "Service Thread" daemon [_thread_blocked, id=12420, stack(0x000000001a570000,0x000000001a670000)]
  0x00000000198a8800 JavaThread "C1 CompilerThread3" daemon [_thread_blocked, id=18188, stack(0x000000001a470000,0x000000001a570000)]
=>0x00000000198a2000 JavaThread "C2 CompilerThread2" daemon [_thread_in_native, id=20452, stack(0x000000001a370000,0x000000001a470000)]
  0x000000001989b800 JavaThread "C2 CompilerThread1" daemon [_thread_in_native, id=5340, stack(0x000000001a270000,0x000000001a370000)]
  0x0000000019898800 JavaThread "C2 CompilerThread0" daemon [_thread_in_native, id=9244, stack(0x000000001a170000,0x000000001a270000)]
  0x0000000019898000 JavaThread "Attach Listener" daemon [_thread_blocked, id=15052, stack(0x000000001a070000,0x000000001a170000)]
  0x0000000019895000 JavaThread "Signal Dispatcher" daemon [_thread_blocked, id=21108, stack(0x0000000019f70000,0x000000001a070000)]
  0x00000000029b9000 JavaThread "Finalizer" daemon [_thread_blocked, id=17340, stack(0x0000000019d70000,0x0000000019e70000)]
  0x00000000029b6000 JavaThread "Reference Handler" daemon [_thread_blocked, id=13576, stack(0x0000000019c70000,0x0000000019d70000)]
  0x00000000028be800 JavaThread "main" [_thread_blocked, id=12256, stack(0x0000000002760000,0x0000000002860000)]

Other Threads:
  0x0000000017a78000 VMThread [stack: 0x0000000019770000,0x0000000019870000] [id=16152]
  0x000000001992a800 WatcherThread [stack: 0x000000001a670000,0x000000001a770000] [id=17660]

VM state:not at safepoint (normal execution)

VM Mutex/Monitor currently owned by a thread: None

heap address: 0x000000073f800000, size: 2056 MB, Compressed Oops mode: Zero based, Oop shift amount: 3
Narrow klass base: 0x0000000000000000, Narrow klass shift: 3
Compressed class space size: 1073741824 Address: 0x00000007c0000000

Heap:
 PSYoungGen      total 162816K, used 73482K [0x0000000795300000, 0x00000007a1a00000, 0x00000007c0000000)
  eden space 144896K, 38% used [0x0000000795300000,0x000000079894a218,0x000000079e080000)
  from space 17920K, 99% used [0x00000007a0880000,0x00000007a19f8928,0x00000007a1a00000)
  to   space 21504K, 0% used [0x000000079f000000,0x000000079f000000,0x00000007a0500000)
 ParOldGen       total 152576K, used 37532K [0x000000073f800000, 0x0000000748d00000, 0x0000000795300000)
  object space 152576K, 24% used [0x000000073f800000,0x0000000741ca73a8,0x0000000748d00000)
 Metaspace       used 71471K, capacity 74840K, committed 74904K, reserved 1114112K
  class space    used 9605K, capacity 10330K, committed 10392K, reserved 1048576K

Card table byte_map: [0x0000000011d80000,0x0000000012190000] byte_map_base: 0x000000000e384000

Marking Bits: (ParMarkBitMap*) 0x0000000077169f30
 Begin Bits: [0x0000000012c40000, 0x0000000014c60000)
 End Bits:   [0x0000000014c60000, 0x0000000016c80000)

Polling page: 0x0000000000de0000

CodeCache: size=245760Kb used=27939Kb max_used=27950Kb free=217820Kb
 bounds [0x00000000029c0000, 0x0000000004530000, 0x00000000119c0000]
 total_blobs=9307 nmethods=8508 adapters=712
 compilation: enabled

Compilation events (10 events):
Event: 3060.357 Thread 0x000000001989b800 9776       4       com.sun.org.apache.xerces.internal.parsers.AbstractSAXParser$AttributesProxy::getLength (10 bytes)
Event: 3060.358 Thread 0x000000001989b800 nmethod 9776 0x0000000004413850 code [0x00000000044139a0, 0x0000000004413a38]
Event: 3060.358 Thread 0x000000001989b800 9773       4       com.sun.org.apache.xerces.internal.util.XMLAttributesImpl::getQName (38 bytes)
Event: 3060.360 Thread 0x000000001989b800 nmethod 9773 0x0000000004523c90 code [0x0000000004523de0, 0x0000000004523ed8]
Event: 3060.371 Thread 0x00000000198a8800 9777   !   3       com.android.utils.PositionXmlParser::getXmlString (589 bytes)
Event: 3060.372 Thread 0x000000001989b800 9778       4       com.sun.org.apache.xerces.internal.util.XMLStringBuffer::<init> (12 bytes)
Event: 3060.374 Thread 0x000000001989b800 nmethod 9778 0x0000000004513550 code [0x00000000045136a0, 0x00000000045137d8]
Event: 3060.374 Thread 0x000000001989b800 9779       4       com.sun.org.apache.xerces.internal.parsers.XIncludeAwareParserConfiguration::setFeature (27 bytes)
Event: 3060.375 Thread 0x00000000198a8800 nmethod 9777 0x0000000004524550 code [0x0000000004524920, 0x00000000045270a8]
Event: 3060.376 Thread 0x000000001989b800 nmethod 9779 0x0000000004524110 code [0x0000000004524260, 0x00000000045243e8]

GC Heap History (10 events):
Event: 11.783 GC heap before
{Heap before GC invocations=13 (full 2):
 PSYoungGen      total 136192K, used 136162K [0x0000000795300000, 0x000000079f100000, 0x00000007c0000000)
  eden space 122880K, 100% used [0x0000000795300000,0x000000079cb00000,0x000000079cb00000)
  from space 13312K, 99% used [0x000000079e400000,0x000000079f0f8a28,0x000000079f100000)
  to   space 14848K, 0% used [0x000000079d400000,0x000000079d400000,0x000000079e280000)
 ParOldGen       total 100352K, used 19753K [0x000000073f800000, 0x0000000745a00000, 0x0000000795300000)
  object space 100352K, 19% used [0x000000073f800000,0x0000000740b4a700,0x0000000745a00000)
 Metaspace       used 53556K, capacity 55380K, committed 55720K, reserved 1097728K
  class space    used 7353K, capacity 7771K, committed 7848K, reserved 1048576K
Event: 11.808 GC heap after
Heap after GC invocations=13 (full 2):
 PSYoungGen      total 146944K, used 14245K [0x0000000795300000, 0x00000007a0580000, 0x00000007c0000000)
  eden space 132096K, 0% used [0x0000000795300000,0x0000000795300000,0x000000079d400000)
  from space 14848K, 95% used [0x000000079d400000,0x000000079e1e9798,0x000000079e280000)
  to   space 16384K, 0% used [0x000000079f580000,0x000000079f580000,0x00000007a0580000)
 ParOldGen       total 100352K, used 25849K [0x000000073f800000, 0x0000000745a00000, 0x0000000795300000)
  object space 100352K, 25% used [0x000000073f800000,0x000000074113e728,0x0000000745a00000)
 Metaspace       used 53556K, capacity 55380K, committed 55720K, reserved 1097728K
  class space    used 7353K, capacity 7771K, committed 7848K, reserved 1048576K
}
Event: 12.820 GC heap before
{Heap before GC invocations=14 (full 2):
 PSYoungGen      total 146944K, used 92168K [0x0000000795300000, 0x00000007a0580000, 0x00000007c0000000)
  eden space 132096K, 58% used [0x0000000795300000,0x0000000799f18c08,0x000000079d400000)
  from space 14848K, 95% used [0x000000079d400000,0x000000079e1e9798,0x000000079e280000)
  to   space 16384K, 0% used [0x000000079f580000,0x000000079f580000,0x00000007a0580000)
 ParOldGen       total 100352K, used 25849K [0x000000073f800000, 0x0000000745a00000, 0x0000000795300000)
  object space 100352K, 25% used [0x000000073f800000,0x000000074113e728,0x0000000745a00000)
 Metaspace       used 57001K, capacity 59020K, committed 59160K, reserved 1099776K
  class space    used 7921K, capacity 8363K, committed 8472K, reserved 1048576K
Event: 12.839 GC heap after
Heap after GC invocations=14 (full 2):
 PSYoungGen      total 165376K, used 13271K [0x0000000795300000, 0x00000007a1400000, 0x00000007c0000000)
  eden space 148992K, 0% used [0x0000000795300000,0x0000000795300000,0x000000079e480000)
  from space 16384K, 81% used [0x000000079f580000,0x00000007a0275de8,0x00000007a0580000)
  to   space 17408K, 0% used [0x000000079e480000,0x000000079e480000,0x000000079f580000)
 ParOldGen       total 100352K, used 25857K [0x000000073f800000, 0x0000000745a00000, 0x0000000795300000)
  object space 100352K, 25% used [0x000000073f800000,0x0000000741140728,0x0000000745a00000)
 Metaspace       used 57001K, capacity 59020K, committed 59160K, reserved 1099776K
  class space    used 7921K, capacity 8363K, committed 8472K, reserved 1048576K
}
Event: 12.839 GC heap before
{Heap before GC invocations=15 (full 3):
 PSYoungGen      total 165376K, used 13271K [0x0000000795300000, 0x00000007a1400000, 0x00000007c0000000)
  eden space 148992K, 0% used [0x0000000795300000,0x0000000795300000,0x000000079e480000)
  from space 16384K, 81% used [0x000000079f580000,0x00000007a0275de8,0x00000007a0580000)
  to   space 17408K, 0% used [0x000000079e480000,0x000000079e480000,0x000000079f580000)
 ParOldGen       total 100352K, used 25857K [0x000000073f800000, 0x0000000745a00000, 0x0000000795300000)
  object space 100352K, 25% used [0x000000073f800000,0x0000000741140728,0x0000000745a00000)
 Metaspace       used 57001K, capacity 59020K, committed 59160K, reserved 1099776K
  class space    used 7921K, capacity 8363K, committed 8472K, reserved 1048576K
Event: 13.337 GC heap after
Heap after GC invocations=15 (full 3):
 PSYoungGen      total 165376K, used 0K [0x0000000795300000, 0x00000007a1400000, 0x00000007c0000000)
  eden space 148992K, 0% used [0x0000000795300000,0x0000000795300000,0x000000079e480000)
  from space 16384K, 0% used [0x000000079f580000,0x000000079f580000,0x00000007a0580000)
  to   space 17408K, 0% used [0x000000079e480000,0x000000079e480000,0x000000079f580000)
 ParOldGen       total 152576K, used 34710K [0x000000073f800000, 0x0000000748d00000, 0x0000000795300000)
  object space 152576K, 22% used [0x000000073f800000,0x00000007419e5af8,0x0000000748d00000)
 Metaspace       used 56963K, capacity 58894K, committed 59160K, reserved 1099776K
  class space    used 7910K, capacity 8342K, committed 8472K, reserved 1048576K
}
Event: 16.700 GC heap before
{Heap before GC invocations=16 (full 3):
 PSYoungGen      total 165376K, used 148992K [0x0000000795300000, 0x00000007a1400000, 0x00000007c0000000)
  eden space 148992K, 100% used [0x0000000795300000,0x000000079e480000,0x000000079e480000)
  from space 16384K, 0% used [0x000000079f580000,0x000000079f580000,0x00000007a0580000)
  to   space 17408K, 0% used [0x000000079e480000,0x000000079e480000,0x000000079f580000)
 ParOldGen       total 152576K, used 34710K [0x000000073f800000, 0x0000000748d00000, 0x0000000795300000)
  object space 152576K, 22% used [0x000000073f800000,0x00000007419e5af8,0x0000000748d00000)
 Metaspace       used 63334K, capacity 66024K, committed 66200K, reserved 1105920K
  class space    used 8824K, capacity 9339K, committed 9368K, reserved 1048576K
Event: 16.712 GC heap after
Heap after GC invocations=16 (full 3):
 PSYoungGen      total 166400K, used 13089K [0x0000000795300000, 0x00000007a1a00000, 0x00000007c0000000)
  eden space 148992K, 0% used [0x0000000795300000,0x0000000795300000,0x000000079e480000)
  from space 17408K, 75% used [0x000000079e480000,0x000000079f1487c8,0x000000079f580000)
  to   space 17920K, 0% used [0x00000007a0880000,0x00000007a0880000,0x00000007a1a00000)
 ParOldGen       total 152576K, used 34718K [0x000000073f800000, 0x0000000748d00000, 0x0000000795300000)
  object space 152576K, 22% used [0x000000073f800000,0x00000007419e7af8,0x0000000748d00000)
 Metaspace       used 63334K, capacity 66024K, committed 66200K, reserved 1105920K
  class space    used 8824K, capacity 9339K, committed 9368K, reserved 1048576K
}
Event: 3057.623 GC heap before
{Heap before GC invocations=17 (full 3):
 PSYoungGen      total 166400K, used 162081K [0x0000000795300000, 0x00000007a1a00000, 0x00000007c0000000)
  eden space 148992K, 100% used [0x0000000795300000,0x000000079e480000,0x000000079e480000)
  from space 17408K, 75% used [0x000000079e480000,0x000000079f1487c8,0x000000079f580000)
  to   space 17920K, 0% used [0x00000007a0880000,0x00000007a0880000,0x00000007a1a00000)
 ParOldGen       total 152576K, used 34718K [0x000000073f800000, 0x0000000748d00000, 0x0000000795300000)
  object space 152576K, 22% used [0x000000073f800000,0x00000007419e7af8,0x0000000748d00000)
 Metaspace       used 70333K, capacity 73614K, committed 73752K, reserved 1112064K
  class space    used 9482K, capacity 10211K, committed 10264K, reserved 1048576K
Event: 3057.656 GC heap after
Heap after GC invocations=17 (full 3):
 PSYoungGen      total 162816K, used 17890K [0x0000000795300000, 0x00000007a1a00000, 0x00000007c0000000)
  eden space 144896K, 0% used [0x0000000795300000,0x0000000795300000,0x000000079e080000)
  from space 17920K, 99% used [0x00000007a0880000,0x00000007a19f8928,0x00000007a1a00000)
  to   space 21504K, 0% used [0x000000079f000000,0x000000079f000000,0x00000007a0500000)
 ParOldGen       total 152576K, used 37532K [0x000000073f800000, 0x0000000748d00000, 0x0000000795300000)
  object space 152576K, 24% used [0x000000073f800000,0x0000000741ca73a8,0x0000000748d00000)
 Metaspace       used 70333K, capacity 73614K, committed 73752K, reserved 1112064K
  class space    used 9482K, capacity 10211K, committed 10264K, reserved 1048576K
}

Deoptimization events (10 events):
Event: 3057.492 Thread 0x000000002016b800 Uncommon trap: reason=unstable_if action=reinterpret pc=0x0000000003c453f0 method=org.apache.commons.io.FilenameUtils.doNormalize(Ljava/lang/String;CZ)Ljava/lang/String; @ 219
Event: 3057.495 Thread 0x000000002016b800 Uncommon trap: reason=unstable_if action=reinterpret pc=0x0000000003f21b58 method=java.io.ObjectOutputStream.writeObject0(Ljava/lang/Object;Z)V @ 235
Event: 3057.657 Thread 0x00000000029b6000 Uncommon trap: reason=unstable_if action=reinterpret pc=0x00000000039777b0 method=java.lang.ref.Reference.tryHandlePending(Z)Z @ 20
Event: 3057.665 Thread 0x0000000020174000 Uncommon trap: reason=unstable_if action=reinterpret pc=0x0000000003948a48 method=com.google.common.collect.MapMakerInternalMap$Segment.drainKeyReferenceQueue(Ljava/lang/ref/ReferenceQueue;)V @ 8
Event: 3057.667 Thread 0x000000001cbcd800 Uncommon trap: reason=unstable_if action=reinterpret pc=0x0000000003a10d94 method=com.google.common.collect.MapMakerInternalMap$Segment.drainKeyReferenceQueue(Ljava/lang/ref/ReferenceQueue;)V @ 8
Event: 3058.302 Thread 0x000000002016d000 Uncommon trap: reason=unstable_if action=reinterpret pc=0x0000000003dfb238 method=com.esotericsoftware.kryo.io.Output.writeString(Ljava/lang/CharSequence;)V @ 50
Event: 3058.340 Thread 0x000000002016b800 Uncommon trap: reason=predicate action=maybe_recompile pc=0x000000000439cae8 method=java.util.TimSort.binarySort([Ljava/lang/Object;IIILjava/util/Comparator;)V @ 37
Event: 3058.888 Thread 0x000000002016b800 Uncommon trap: reason=unstable_if action=reinterpret pc=0x0000000004323eb8 method=sun.nio.fs.WindowsPathParser.isLetter(C)Z @ 3
Event: 3059.094 Thread 0x000000002016b800 Uncommon trap: reason=unstable_if action=reinterpret pc=0x0000000003fe6854 method=java.lang.Long.getChars(JI[C)V @ 9
Event: 3059.307 Thread 0x000000002016b800 Uncommon trap: reason=unstable_if action=reinterpret pc=0x0000000002c11844 method=sun.nio.cs.UTF_8$Decoder.decode([BII[C)I @ 30

Classes redefined (0 events):
No events

Internal exceptions (10 events):
Event: 3055.401 Thread 0x000000001cbcd800 Implicit null exception at 0x0000000003fcfdaa to 0x0000000003fd2e01
Event: 3055.839 Thread 0x000000001cbcd800 Exception <a 'sun/nio/fs/WindowsException'> (0x000000079ab02310) thrown at [D:\src\AOSP-openjdk-cygwin\jdk8u\hotspot\src\share\vm\prims\jni.cpp, line 710]
Event: 3056.862 Thread 0x000000002016e000 Implicit null exception at 0x00000000041b2db7 to 0x00000000041b3551
Event: 3057.496 Thread 0x000000002016b800 Exception <a 'java/lang/NoSuchMethodError': <clinit>> (0x000000079df851e8) thrown at [D:\src\AOSP-openjdk-cygwin\jdk8u\hotspot\src\share\vm\prims\jni.cpp, line 1614]
Event: 3057.497 Thread 0x000000002016b800 Exception <a 'java/lang/NoSuchMethodError': <clinit>> (0x000000079df96c50) thrown at [D:\src\AOSP-openjdk-cygwin\jdk8u\hotspot\src\share\vm\prims\jni.cpp, line 1614]
Event: 3057.497 Thread 0x000000002016b800 Exception <a 'java/lang/NoSuchMethodError': <clinit>> (0x000000079dfa0030) thrown at [D:\src\AOSP-openjdk-cygwin\jdk8u\hotspot\src\share\vm\prims\jni.cpp, line 1614]
Event: 3057.503 Thread 0x000000002016b800 Exception <a 'java/lang/NoSuchMethodError': <clinit>> (0x000000079dfabeb0) thrown at [D:\src\AOSP-openjdk-cygwin\jdk8u\hotspot\src\share\vm\prims\jni.cpp, line 1614]
Event: 3058.080 Thread 0x0000000020171000 Exception <a 'sun/nio/fs/WindowsException'> (0x00000007957ad908) thrown at [D:\src\AOSP-openjdk-cygwin\jdk8u\hotspot\src\share\vm\prims\jni.cpp, line 710]
Event: 3058.296 Thread 0x0000000020174800 Exception <a 'sun/nio/fs/WindowsException'> (0x000000079537cee8) thrown at [D:\src\AOSP-openjdk-cygwin\jdk8u\hotspot\src\share\vm\prims\jni.cpp, line 710]
Event: 3058.483 Thread 0x000000002016b800 Exception <a 'sun/nio/fs/WindowsException'> (0x0000000796ad07b0) thrown at [D:\src\AOSP-openjdk-cygwin\jdk8u\hotspot\src\share\vm\prims\jni.cpp, line 710]

Events (10 events):
Event: 3060.097 Thread 0x000000002016b800 DEOPT PACKING pc=0x0000000004431887 sp=0x0000000028b1add0
Event: 3060.097 Thread 0x000000002016b800 DEOPT UNPACKING pc=0x0000000002a075d0 sp=0x0000000028b1ab38 mode 0
Event: 3060.098 Thread 0x000000002016b800 DEOPT PACKING pc=0x0000000004431887 sp=0x0000000028b1add0
Event: 3060.098 Thread 0x000000002016b800 DEOPT UNPACKING pc=0x0000000002a075d0 sp=0x0000000028b1ab38 mode 0
Event: 3060.098 Thread 0x000000002016b800 DEOPT PACKING pc=0x0000000004431887 sp=0x0000000028b1add0
Event: 3060.098 Thread 0x000000002016b800 DEOPT UNPACKING pc=0x0000000002a075d0 sp=0x0000000028b1ab38 mode 0
Event: 3060.152 loading class com/sun/org/apache/xerces/internal/dom/AttrNSImpl
Event: 3060.152 loading class com/sun/org/apache/xerces/internal/dom/AttrNSImpl done
Event: 3060.276 Thread 0x000000002016b800 DEOPT PACKING pc=0x000000000441db20 sp=0x0000000028b1b0c0
Event: 3060.276 Thread 0x000000002016b800 DEOPT UNPACKING pc=0x0000000002a075d0 sp=0x0000000028b1af40 mode 0


Dynamic libraries:
0x00007ff7a8e10000 - 0x00007ff7a8e41000 	C:\Program Files\Android\Android Studio\jre\bin\java.exe
0x00007ffbff8a0000 - 0x00007ffbffa90000 	C:\WINDOWS\SYSTEM32\ntdll.dll
0x00007ffbff200000 - 0x00007ffbff2b2000 	C:\WINDOWS\System32\KERNEL32.DLL
0x00007ffbfc920000 - 0x00007ffbfcbc3000 	C:\WINDOWS\System32\KERNELBASE.dll
0x00007ffbff340000 - 0x00007ffbff3e3000 	C:\WINDOWS\System32\ADVAPI32.dll
0x00007ffbfe4d0000 - 0x00007ffbfe56e000 	C:\WINDOWS\System32\msvcrt.dll
0x00007ffbfd960000 - 0x00007ffbfd9f7000 	C:\WINDOWS\System32\sechost.dll
0x00007ffbfe570000 - 0x00007ffbfe690000 	C:\WINDOWS\System32\RPCRT4.dll
0x00007ffbfe900000 - 0x00007ffbfea94000 	C:\WINDOWS\System32\USER32.dll
0x00007ffbfcc80000 - 0x00007ffbfcca1000 	C:\WINDOWS\System32\win32u.dll
0x00007ffbfe880000 - 0x00007ffbfe8a6000 	C:\WINDOWS\System32\GDI32.dll
0x00007ffbfce00000 - 0x00007ffbfcf94000 	C:\WINDOWS\System32\gdi32full.dll
0x00007ffbfc880000 - 0x00007ffbfc91e000 	C:\WINDOWS\System32\msvcp_win.dll
0x00007ffbfcfa0000 - 0x00007ffbfd09a000 	C:\WINDOWS\System32\ucrtbase.dll
0x00007ffbe4950000 - 0x00007ffbe4bd5000 	C:\WINDOWS\WinSxS\amd64_microsoft.windows.common-controls_6595b64144ccf1df_6.0.18362.778_none_e6c6b761130d4fb8\COMCTL32.dll
0x00007ffbfda60000 - 0x00007ffbfdd96000 	C:\WINDOWS\System32\combase.dll
0x00007ffbfd870000 - 0x00007ffbfd8f0000 	C:\WINDOWS\System32\bcryptPrimitives.dll
0x00007ffbfe8d0000 - 0x00007ffbfe8fe000 	C:\WINDOWS\System32\IMM32.DLL
0x00000000768c0000 - 0x0000000076992000 	C:\Program Files\Android\Android Studio\jre\jre\bin\msvcr100.dll
0x00000000769a0000 - 0x00000000771e6000 	C:\Program Files\Android\Android Studio\jre\jre\bin\server\jvm.dll
0x00007ffbfe220000 - 0x00007ffbfe228000 	C:\WINDOWS\System32\PSAPI.DLL
0x00007ffbf7070000 - 0x00007ffbf7079000 	C:\WINDOWS\SYSTEM32\WSOCK32.dll
0x00007ffbea0d0000 - 0x00007ffbea0da000 	C:\WINDOWS\SYSTEM32\VERSION.dll
0x00007ffbfe230000 - 0x00007ffbfe29f000 	C:\WINDOWS\System32\WS2_32.dll
0x00007ffbf7eb0000 - 0x00007ffbf7ed4000 	C:\WINDOWS\SYSTEM32\WINMM.dll
0x00007ffbf7d70000 - 0x00007ffbf7d9d000 	C:\WINDOWS\SYSTEM32\winmmbase.dll
0x00007ffbfd820000 - 0x00007ffbfd86a000 	C:\WINDOWS\System32\cfgmgr32.dll
0x00007ffbf8bb0000 - 0x00007ffbf8bbf000 	C:\Program Files\Android\Android Studio\jre\jre\bin\verify.dll
0x00007ffbf2760000 - 0x00007ffbf2789000 	C:\Program Files\Android\Android Studio\jre\jre\bin\java.dll
0x00007ffbf8b90000 - 0x00007ffbf8ba6000 	C:\Program Files\Android\Android Studio\jre\jre\bin\zip.dll
0x00007ffbfeaa0000 - 0x00007ffbff185000 	C:\WINDOWS\System32\SHELL32.dll
0x00007ffbfe7d0000 - 0x00007ffbfe879000 	C:\WINDOWS\System32\shcore.dll
0x00007ffbfd0a0000 - 0x00007ffbfd820000 	C:\WINDOWS\System32\windows.storage.dll
0x00007ffbfc790000 - 0x00007ffbfc7b3000 	C:\WINDOWS\System32\profapi.dll
0x00007ffbfc7e0000 - 0x00007ffbfc82a000 	C:\WINDOWS\System32\powrprof.dll
0x00007ffbfc760000 - 0x00007ffbfc770000 	C:\WINDOWS\System32\UMPDC.dll
0x00007ffbfe1c0000 - 0x00007ffbfe212000 	C:\WINDOWS\System32\shlwapi.dll
0x00007ffbfc770000 - 0x00007ffbfc781000 	C:\WINDOWS\System32\kernel.appcore.dll
0x00007ffbfc860000 - 0x00007ffbfc877000 	C:\WINDOWS\System32\cryptsp.dll
0x00007ffbf6560000 - 0x00007ffbf657a000 	C:\Program Files\Android\Android Studio\jre\jre\bin\net.dll
0x00007ffbf3090000 - 0x00007ffbf3265000 	C:\WINDOWS\SYSTEM32\urlmon.dll
0x00007ffbf0ed0000 - 0x00007ffbf1176000 	C:\WINDOWS\SYSTEM32\iertutil.dll
0x00007ffbfc140000 - 0x00007ffbfc14c000 	C:\WINDOWS\SYSTEM32\CRYPTBASE.DLL
0x00007ffbfbf70000 - 0x00007ffbfbfd7000 	C:\WINDOWS\system32\mswsock.dll
0x00007ffbf2740000 - 0x00007ffbf2753000 	C:\Program Files\Android\Android Studio\jre\jre\bin\nio.dll
0x00007ffbe6700000 - 0x00007ffbe6726000 	C:\Users\saksh\.gradle\native\30\windows-amd64\native-platform.dll
0x00007ffbf8040000 - 0x00007ffbf804d000 	C:\Program Files\Android\Android Studio\jre\jre\bin\management.dll
0x00007ffbfbae0000 - 0x00007ffbfbb13000 	C:\WINDOWS\system32\rsaenh.dll
0x00007ffbfc830000 - 0x00007ffbfc856000 	C:\WINDOWS\System32\bcrypt.dll
0x00007ffbfc680000 - 0x00007ffbfc6a5000 	C:\WINDOWS\SYSTEM32\USERENV.dll
0x00007ffbfbc80000 - 0x00007ffbfbcba000 	C:\WINDOWS\SYSTEM32\IPHLPAPI.DLL
0x00007ffbfd950000 - 0x00007ffbfd958000 	C:\WINDOWS\System32\NSI.dll
0x00007ffbf5af0000 - 0x00007ffbf5b06000 	C:\WINDOWS\SYSTEM32\dhcpcsvc6.DLL
0x00007ffbf61b0000 - 0x00007ffbf61cc000 	C:\WINDOWS\SYSTEM32\dhcpcsvc.DLL
0x00007ffbfbd10000 - 0x00007ffbfbdda000 	C:\WINDOWS\SYSTEM32\DNSAPI.dll

VM Arguments:
jvm_args: -Xmx2056m -Dfile.encoding=windows-1252 -Duser.country=IN -Duser.language=en -Duser.variant 
java_command: org.gradle.launcher.daemon.bootstrap.GradleDaemon 5.6.4
java_class_path (initial): C:\Users\saksh\.gradle\wrapper\dists\gradle-5.6.4-all\ankdp27end7byghfw1q2sw75f\gradle-5.6.4\lib\gradle-launcher-5.6.4.jar
Launcher Type: SUN_STANDARD

Environment Variables:
PATH=C:\app\saksh\product\11.2.0\dbhome_2\bin;C:\Program Files (x86)\Common Files\Oracle\Java\javapath;C:\Program Files (x86)\Intel\iCLS Client\;C:\Program Files\Intel\iCLS Client\;C:\WINDOWS\system32;C:\WINDOWS;C:\WINDOWS\System32\Wbem;C:\WINDOWS\System32\WindowsPowerShell\v1.0\;C:\WINDOWS\System32\OpenSSH\;C:\Program Files (x86)\Intel\Intel(R) Management Engine Components\DAL;C:\Program Files\Intel\Intel(R) Management Engine Components\DAL;C:\Program Files (x86)\Intel\Intel(R) Management Engine Components\IPT;C:\Program Files\Intel\Intel(R) Management Engine Components\IPT;C:\Program Files\PuTTY\;C:\Program Files\nodejs\;C:\Program Files\Git\cmd;C:\Users\saksh\AppData\Local\Microsoft\WindowsApps;C:\Users\saksh\instantclient-basiclite-windows.x64-19.3.0.0.0dbru;C:\Users\saksh\AppData\Roaming\npm
USERNAME=saksh
OS=Windows_NT
PROCESSOR_IDENTIFIER=Intel64 Family 6 Model 142 Stepping 10, GenuineIntel



---------------  S Y S T E M  ---------------

OS: Windows 10.0 , 64 bit Build 18362 (10.0.18362.778)

CPU:total 8 (initial active 8) (4 cores per cpu, 2 threads per core) family 6 model 142 stepping 10, cmov, cx8, fxsr, mmx, sse, sse2, sse3, ssse3, sse4.1, sse4.2, popcnt, avx, avx2, aes, clmul, erms, 3dnowpref, lzcnt, ht, tsc, tscinvbit, bmi1, bmi2, adx

Memory: 4k page, physical 8295652k(1756112k free), swap 8295652k(5128k free)

vm_info: OpenJDK 64-Bit Server VM (25.212-b04) for windows-amd64 JRE (1.8.0_212-release-1586-b04), built by "builder" with MS VC++ 10.0 (VS2010)

time: Mon Apr 27 19:11:13 2020
timezone: India Standard Time
elapsed time: 3060 seconds (0d 0h 51m 0s)

