#
# There is insufficient memory for the Java Runtime Environment to continue.
# Native memory allocation (malloc) failed to allocate 1628096 bytes for Chunk::new
# Possible reasons:
#   The system is out of physical RAM or swap space
#   The process is running with CompressedOops enabled, and the Java Heap may be blocking the growth of the native heap
# Possible solutions:
#   Reduce memory load on the system
#   Increase physical memory or swap space
#   Check if swap backing store is full
#   Decrease Java heap size (-Xmx/-Xms)
#   Decrease number of Java threads
#   Decrease Java thread stack sizes (-Xss)
#   Set larger code cache with -XX:ReservedCodeCacheSize=
#   JVM is running with Zero Based Compressed Oops mode in which the Java heap is
#     placed in the first 32GB address space. The Java Heap base address is the
#     maximum limit for the native heap growth. Please use -XX:HeapBaseMinAddress
#     to set the Java Heap base and to place the Java Heap above 32GB virtual address.
# This output file may be truncated or incomplete.
#
#  Out of Memory Error (allocation.cpp:389), pid=5348, tid=0x0000000000004978
#
# JRE version: OpenJDK Runtime Environment (8.0_212-b04) (build 1.8.0_212-release-1586-b04)
# Java VM: OpenJDK 64-Bit Server VM (25.212-b04 mixed mode windows-amd64 compressed oops)
# Failed to write core dump. Minidumps are not enabled by default on client versions of Windows
#

---------------  T H R E A D  ---------------

Current thread (0x0000000019c30800):  JavaThread "C2 CompilerThread1" daemon [_thread_in_native, id=18808, stack(0x000000001a610000,0x000000001a710000)]

Stack: [0x000000001a610000,0x000000001a710000]
[error occurred during error reporting (printing stack bounds), id 0xc0000005]

Native frames: (J=compiled Java code, j=interpreted, Vv=VM code, C=native code)


Current CompileTask:
C2:  18028 7286 %     4       com.android.tools.r8.dex.j::a @ 330 (1022 bytes)


---------------  P R O C E S S  ---------------

Java Threads: ( => current thread )
  0x0000000020996800 JavaThread "ForkJoinPool-3-worker-0" daemon [_thread_blocked, id=20800, stack(0x00000000281d0000,0x00000000282d0000)]
  0x0000000020995000 JavaThread "ForkJoinPool-3-worker-7" daemon [_thread_blocked, id=10964, stack(0x00000000280d0000,0x00000000281d0000)]
  0x0000000020995800 JavaThread "ForkJoinPool-3-worker-6" daemon [_thread_blocked, id=9284, stack(0x0000000027fd0000,0x00000000280d0000)]
  0x0000000020993800 JavaThread "ForkJoinPool-3-worker-5" daemon [_thread_blocked, id=6396, stack(0x0000000027ed0000,0x0000000027fd0000)]
  0x0000000020997000 JavaThread "ForkJoinPool-3-worker-4" daemon [_thread_blocked, id=3860, stack(0x00000000276e0000,0x00000000277e0000)]
  0x000000002098e000 JavaThread "ForkJoinPool-3-worker-3" daemon [_thread_blocked, id=20108, stack(0x00000000275e0000,0x00000000276e0000)]
  0x000000002098d800 JavaThread "ForkJoinPool-3-worker-2" daemon [_thread_blocked, id=19316, stack(0x00000000274e0000,0x00000000275e0000)]
  0x000000002098f000 JavaThread "ForkJoinPool-3-worker-1" daemon [_thread_blocked, id=5032, stack(0x00000000273e0000,0x00000000274e0000)]
  0x0000000020992800 JavaThread "WorkerExecutor Queue Thread 2" [_thread_blocked, id=12924, stack(0x00000000270d0000,0x00000000271d0000)]
  0x0000000022997000 JavaThread "WorkerExecutor Queue" [_thread_blocked, id=15368, stack(0x0000000026dd0000,0x0000000026ed0000)]
  0x0000000022995800 JavaThread "Cache worker for execution history cache (C:\Users\saksh\AndroidStudioProjects\bluetooth_trial\.gradle\5.6.4\executionHistory)" [_thread_blocked, id=18856, stack(0x0000000026cd0000,0x0000000026dd0000)]
  0x0000000022998000 JavaThread "Execution worker for ':' Thread 7" [_thread_blocked, id=18664, stack(0x0000000026970000,0x0000000026a70000)]
  0x000000001ff40000 JavaThread "Execution worker for ':' Thread 6" [_thread_blocked, id=13628, stack(0x0000000026870000,0x0000000026970000)]
  0x000000001ff3f800 JavaThread "Execution worker for ':' Thread 5" [_thread_blocked, id=7080, stack(0x0000000026770000,0x0000000026870000)]
  0x000000001ff3e800 JavaThread "Execution worker for ':' Thread 4" [_thread_blocked, id=12552, stack(0x0000000026670000,0x0000000026770000)]
  0x000000001ff3c800 JavaThread "Execution worker for ':' Thread 3" [_thread_blocked, id=19748, stack(0x0000000025fa0000,0x00000000260a0000)]
  0x000000001ff3d000 JavaThread "Execution worker for ':' Thread 2" [_thread_blocked, id=3388, stack(0x0000000025ea0000,0x0000000025fa0000)]
  0x000000001ff3e000 JavaThread "Execution worker for ':'" [_thread_blocked, id=13536, stack(0x00000000251e0000,0x00000000252e0000)]
  0x000000001ff35000 JavaThread "Cache worker for file content cache (C:\Users\saksh\AndroidStudioProjects\bluetooth_trial\.gradle\5.6.4\fileContent)" [_thread_blocked, id=19520, stack(0x0000000026570000,0x0000000026670000)]
  0x000000001ff3b800 JavaThread "Cache worker for file content cache (C:\Users\saksh\.gradle\caches\5.6.4\fileContent)" [_thread_blocked, id=17460, stack(0x0000000026470000,0x0000000026570000)]
  0x000000001ff3b000 JavaThread "Memory manager" [_thread_blocked, id=1240, stack(0x0000000026130000,0x0000000026230000)]
  0x000000001ff39800 JavaThread "Cache worker for Build Output Cleanup Cache (C:\Users\saksh\AndroidStudioProjects\bluetooth_trial\.gradle\buildOutputCleanup)" [_thread_blocked, id=18536, stack(0x00000000253a0000,0x00000000254a0000)]
  0x000000001ff32000 JavaThread "pool-1-thread-1" [_thread_blocked, id=19220, stack(0x0000000024ce0000,0x0000000024de0000)]
  0x000000001ff38800 JavaThread "Build operations Thread 8" [_thread_blocked, id=10636, stack(0x00000000247e0000,0x00000000248e0000)]
  0x000000001ff31000 JavaThread "Build operations Thread 7" [_thread_blocked, id=5564, stack(0x00000000246e0000,0x00000000247e0000)]
  0x000000001ff33800 JavaThread "Build operations Thread 6" [_thread_blocked, id=10416, stack(0x00000000245e0000,0x00000000246e0000)]
  0x000000001ff38000 JavaThread "Build operations Thread 5" [_thread_blocked, id=16596, stack(0x00000000244e0000,0x00000000245e0000)]
  0x000000001ff37000 JavaThread "Build operations Thread 4" [_thread_blocked, id=19592, stack(0x00000000243e0000,0x00000000244e0000)]
  0x000000001ff32800 JavaThread "Build operations Thread 3" [_thread_blocked, id=8140, stack(0x00000000242e0000,0x00000000243e0000)]
  0x000000001ff36800 JavaThread "Build operations Thread 2" [_thread_blocked, id=20584, stack(0x00000000241e0000,0x00000000242e0000)]
  0x000000001ff35800 JavaThread "Build operations" [_thread_blocked, id=8664, stack(0x0000000023c10000,0x0000000023d10000)]
  0x000000001c963000 JavaThread "Cache worker for execution history cache (C:\Users\saksh\.gradle\caches\5.6.4\executionHistory)" [_thread_blocked, id=7292, stack(0x0000000022690000,0x0000000022790000)]
  0x000000001c966800 JavaThread "Cache worker for cache directory md-rule (C:\Users\saksh\.gradle\caches\5.6.4\md-rule)" [_thread_blocked, id=19680, stack(0x0000000022590000,0x0000000022690000)]
  0x000000001c961000 JavaThread "Cache worker for cache directory md-supplier (C:\Users\saksh\.gradle\caches\5.6.4\md-supplier)" [_thread_blocked, id=7676, stack(0x0000000020fd0000,0x00000000210d0000)]
  0x000000001c965000 JavaThread "Cache worker for file hash cache (C:\Users\saksh\AndroidStudioProjects\bluetooth_trial\.gradle\5.6.4\fileHashes)" [_thread_blocked, id=16640, stack(0x0000000020cd0000,0x0000000020dd0000)]
  0x000000001c968000 JavaThread "Cache worker for journal cache (C:\Users\saksh\.gradle\caches\journal-1)" [_thread_blocked, id=17552, stack(0x000000001e830000,0x000000001e930000)]
  0x000000001c963800 JavaThread "File lock request listener" [_thread_in_native, id=3640, stack(0x000000001e730000,0x000000001e830000)]
  0x000000001c95f800 JavaThread "Cache worker for file hash cache (C:\Users\saksh\.gradle\caches\5.6.4\fileHashes)" [_thread_blocked, id=20240, stack(0x000000001e630000,0x000000001e730000)]
  0x000000001c726000 JavaThread "Thread-9" [_thread_blocked, id=3440, stack(0x000000001e530000,0x000000001e630000)]
  0x000000001c79b800 JavaThread "Stdin handler" [_thread_blocked, id=17112, stack(0x000000001e430000,0x000000001e530000)]
  0x000000001c727800 JavaThread "Asynchronous log dispatcher for DefaultDaemonConnection: socket connection from /127.0.0.1:52364 to /127.0.0.1:52365" [_thread_blocked, id=14664, stack(0x000000001e230000,0x000000001e330000)]
  0x000000001c6f2000 JavaThread "Daemon worker" [_thread_blocked, id=7220, stack(0x000000001e130000,0x000000001e230000)]
  0x000000001c6e1800 JavaThread "Cancel handler" [_thread_blocked, id=6376, stack(0x000000001e030000,0x000000001e130000)]
  0x000000001ac06000 JavaThread "Handler for socket connection from /127.0.0.1:52364 to /127.0.0.1:52365" [_thread_in_native, id=20560, stack(0x000000001dd30000,0x000000001de30000)]
  0x000000001c6b8800 JavaThread "Daemon" [_thread_blocked, id=12040, stack(0x000000001dc30000,0x000000001dd30000)]
  0x0000000019fb0000 JavaThread "Daemon periodic checks" [_thread_blocked, id=20296, stack(0x000000001db30000,0x000000001dc30000)]
  0x0000000019fec800 JavaThread "Incoming local TCP Connector on port 52364" [_thread_in_native, id=14068, stack(0x000000001d8f0000,0x000000001d9f0000)]
  0x000000001ab17000 JavaThread "Daemon health stats" [_thread_blocked, id=9492, stack(0x000000001d2b0000,0x000000001d3b0000)]
  0x0000000019cc1000 JavaThread "Service Thread" daemon [_thread_blocked, id=8036, stack(0x000000001a910000,0x000000001aa10000)]
  0x0000000017e2e000 JavaThread "C1 CompilerThread3" daemon [_thread_blocked, id=15648, stack(0x000000001a810000,0x000000001a910000)]
  0x0000000019c32800 JavaThread "C2 CompilerThread2" daemon [_thread_in_native, id=14200, stack(0x000000001a710000,0x000000001a810000)]
=>0x0000000019c30800 JavaThread "C2 CompilerThread1" daemon [_thread_in_native, id=18808, stack(0x000000001a610000,0x000000001a710000)]
  0x0000000019c2d800 JavaThread "C2 CompilerThread0" daemon [_thread_in_native, id=5148, stack(0x000000001a510000,0x000000001a610000)]
  0x0000000019c2a800 JavaThread "Attach Listener" daemon [_thread_blocked, id=14052, stack(0x000000001a410000,0x000000001a510000)]
  0x0000000019c36000 JavaThread "Signal Dispatcher" daemon [_thread_blocked, id=20264, stack(0x000000001a310000,0x000000001a410000)]
  0x0000000002d2e000 JavaThread "Finalizer" daemon [_thread_blocked, id=7972, stack(0x000000001a100000,0x000000001a200000)]
  0x0000000002d25000 JavaThread "Reference Handler" daemon [_thread_blocked, id=14996, stack(0x000000001a000000,0x000000001a100000)]
  0x0000000002c2e800 JavaThread "main" [_thread_blocked, id=4160, stack(0x0000000002b20000,0x0000000002c20000)]

Other Threads:
  0x0000000017e18000 VMThread [stack: 0x0000000019b00000,0x0000000019c00000] [id=14128]
  0x0000000019cc1800 WatcherThread [stack: 0x000000001aa10000,0x000000001ab10000] [id=18348]

VM state:not at safepoint (normal execution)

VM Mutex/Monitor currently owned by a thread: None

heap address: 0x000000073f800000, size: 2056 MB, Compressed Oops mode: Zero based, Oop shift amount: 3
Narrow klass base: 0x0000000000000000, Narrow klass shift: 3
Compressed class space size: 1073741824 Address: 0x00000007c0000000

Heap:
 PSYoungGen      total 169984K, used 30195K [0x0000000795300000, 0x00000007a2200000, 0x00000007c0000000)
  eden space 146944K, 4% used [0x0000000795300000,0x00000007959ffad0,0x000000079e280000)
  from space 23040K, 99% used [0x000000079ff00000,0x00000007a157d2d0,0x00000007a1580000)
  to   space 29184K, 0% used [0x000000079e280000,0x000000079e280000,0x000000079ff00000)
 ParOldGen       total 172544K, used 39837K [0x000000073f800000, 0x000000074a080000, 0x0000000795300000)
  object space 172544K, 23% used [0x000000073f800000,0x0000000741ee7520,0x000000074a080000)
 Metaspace       used 64560K, capacity 67118K, committed 67416K, reserved 1107968K
  class space    used 8983K, capacity 9499K, committed 9600K, reserved 1048576K

Card table byte_map: [0x00000000120f0000,0x0000000012500000] byte_map_base: 0x000000000e6f4000

Marking Bits: (ParMarkBitMap*) 0x0000000077169f30
 Begin Bits: [0x0000000012fb0000, 0x0000000014fd0000)
 End Bits:   [0x0000000014fd0000, 0x0000000016ff0000)

Polling page: 0x00000000012b0000

CodeCache: size=245760Kb used=23790Kb max_used=23853Kb free=221969Kb
 bounds [0x0000000002d30000, 0x00000000044a0000, 0x0000000011d30000]
 total_blobs=8429 nmethods=7634 adapters=708
 compilation: enabled

Compilation events (10 events):
Event: 18.019 Thread 0x0000000019c2d800 nmethod 8719 0x0000000004465b10 code [0x0000000004465d40, 0x0000000004467f70]
Event: 18.019 Thread 0x0000000019c2d800 8723       4       java.util.TimSort::mergeHi (732 bytes)
Event: 18.019 Thread 0x0000000017e2e000 8733       2       java.util.TimSort::minRunLength (43 bytes)
Event: 18.019 Thread 0x0000000017e2e000 nmethod 8733 0x0000000004473650 code [0x00000000044737a0, 0x0000000004473930]
Event: 18.019 Thread 0x0000000017e2e000 8734       2       java.util.TimSort::mergeForceCollapse (50 bytes)
Event: 18.020 Thread 0x0000000017e2e000 nmethod 8734 0x000000000358f710 code [0x000000000358f880, 0x000000000358fac8]
Event: 18.020 Thread 0x0000000017e2e000 8735       1       com.android.tools.r8.graph.DexValue$t::o (1 bytes)
Event: 18.020 Thread 0x0000000017e2e000 nmethod 8735 0x0000000003efb950 code [0x0000000003efbaa0, 0x0000000003efbbb0]
Event: 18.022 Thread 0x0000000017e2e000 8737       2       com.android.tools.r8.graph.DexValue$c::hashCode (11 bytes)
Event: 18.022 Thread 0x0000000017e2e000 nmethod 8737 0x0000000003e9fd10 code [0x0000000003e9fe80, 0x0000000003ea0058]

GC Heap History (10 events):
Event: 11.497 GC heap before
{Heap before GC invocations=11 (full 2):
 PSYoungGen      total 132096K, used 131604K [0x0000000795300000, 0x000000079f180000, 0x00000007c0000000)
  eden space 118272K, 100% used [0x0000000795300000,0x000000079c680000,0x000000079c680000)
  from space 13824K, 96% used [0x000000079e400000,0x000000079f105098,0x000000079f180000)
  to   space 15360K, 0% used [0x000000079d380000,0x000000079d380000,0x000000079e280000)
 ParOldGen       total 116736K, used 18171K [0x000000073f800000, 0x0000000746a00000, 0x0000000795300000)
  object space 116736K, 15% used [0x000000073f800000,0x00000007409bef88,0x0000000746a00000)
 Metaspace       used 54401K, capacity 55988K, committed 56280K, reserved 1097728K
  class space    used 7491K, capacity 7883K, committed 7936K, reserved 1048576K
Event: 11.522 GC heap after
Heap after GC invocations=11 (full 2):
 PSYoungGen      total 146944K, used 15355K [0x0000000795300000, 0x000000079fe00000, 0x00000007c0000000)
  eden space 131584K, 0% used [0x0000000795300000,0x0000000795300000,0x000000079d380000)
  from space 15360K, 99% used [0x000000079d380000,0x000000079e27ec18,0x000000079e280000)
  to   space 18944K, 0% used [0x000000079eb80000,0x000000079eb80000,0x000000079fe00000)
 ParOldGen       total 116736K, used 21478K [0x000000073f800000, 0x0000000746a00000, 0x0000000795300000)
  object space 116736K, 18% used [0x000000073f800000,0x0000000740cf9b30,0x0000000746a00000)
 Metaspace       used 54401K, capacity 55988K, committed 56280K, reserved 1097728K
  class space    used 7491K, capacity 7883K, committed 7936K, reserved 1048576K
}
Event: 12.413 GC heap before
{Heap before GC invocations=12 (full 2):
 PSYoungGen      total 146944K, used 64706K [0x0000000795300000, 0x000000079fe00000, 0x00000007c0000000)
  eden space 131584K, 37% used [0x0000000795300000,0x0000000798331c48,0x000000079d380000)
  from space 15360K, 99% used [0x000000079d380000,0x000000079e27ec18,0x000000079e280000)
  to   space 18944K, 0% used [0x000000079eb80000,0x000000079eb80000,0x000000079fe00000)
 ParOldGen       total 116736K, used 21478K [0x000000073f800000, 0x0000000746a00000, 0x0000000795300000)
  object space 116736K, 18% used [0x000000073f800000,0x0000000740cf9b30,0x0000000746a00000)
 Metaspace       used 56963K, capacity 58984K, committed 59028K, reserved 1099776K
  class space    used 7915K, capacity 8404K, committed 8448K, reserved 1048576K
Event: 12.436 GC heap after
Heap after GC invocations=12 (full 2):
 PSYoungGen      total 154624K, used 17043K [0x0000000795300000, 0x00000007a1480000, 0x00000007c0000000)
  eden space 135680K, 0% used [0x0000000795300000,0x0000000795300000,0x000000079d780000)
  from space 18944K, 89% used [0x000000079eb80000,0x000000079fc24c20,0x000000079fe00000)
  to   space 20480K, 0% used [0x000000079d780000,0x000000079d780000,0x000000079eb80000)
 ParOldGen       total 116736K, used 21486K [0x000000073f800000, 0x0000000746a00000, 0x0000000795300000)
  object space 116736K, 18% used [0x000000073f800000,0x0000000740cfbb30,0x0000000746a00000)
 Metaspace       used 56963K, capacity 58984K, committed 59028K, reserved 1099776K
  class space    used 7915K, capacity 8404K, committed 8448K, reserved 1048576K
}
Event: 12.436 GC heap before
{Heap before GC invocations=13 (full 3):
 PSYoungGen      total 154624K, used 17043K [0x0000000795300000, 0x00000007a1480000, 0x00000007c0000000)
  eden space 135680K, 0% used [0x0000000795300000,0x0000000795300000,0x000000079d780000)
  from space 18944K, 89% used [0x000000079eb80000,0x000000079fc24c20,0x000000079fe00000)
  to   space 20480K, 0% used [0x000000079d780000,0x000000079d780000,0x000000079eb80000)
 ParOldGen       total 116736K, used 21486K [0x000000073f800000, 0x0000000746a00000, 0x0000000795300000)
  object space 116736K, 18% used [0x000000073f800000,0x0000000740cfbb30,0x0000000746a00000)
 Metaspace       used 56963K, capacity 58984K, committed 59028K, reserved 1099776K
  class space    used 7915K, capacity 8404K, committed 8448K, reserved 1048576K
Event: 12.885 GC heap after
Heap after GC invocations=13 (full 3):
 PSYoungGen      total 154624K, used 0K [0x0000000795300000, 0x00000007a1480000, 0x00000007c0000000)
  eden space 135680K, 0% used [0x0000000795300000,0x0000000795300000,0x000000079d780000)
  from space 18944K, 0% used [0x000000079eb80000,0x000000079eb80000,0x000000079fe00000)
  to   space 20480K, 0% used [0x000000079d780000,0x000000079d780000,0x000000079eb80000)
 ParOldGen       total 172544K, used 32140K [0x000000073f800000, 0x000000074a080000, 0x0000000795300000)
  object space 172544K, 18% used [0x000000073f800000,0x00000007417633c8,0x000000074a080000)
 Metaspace       used 56812K, capacity 58556K, committed 59028K, reserved 1099776K
  class space    used 7866K, capacity 8316K, committed 8448K, reserved 1048576K
}
Event: 15.139 GC heap before
{Heap before GC invocations=14 (full 3):
 PSYoungGen      total 154624K, used 135680K [0x0000000795300000, 0x00000007a1480000, 0x00000007c0000000)
  eden space 135680K, 100% used [0x0000000795300000,0x000000079d780000,0x000000079d780000)
  from space 18944K, 0% used [0x000000079eb80000,0x000000079eb80000,0x000000079fe00000)
  to   space 20480K, 0% used [0x000000079d780000,0x000000079d780000,0x000000079eb80000)
 ParOldGen       total 172544K, used 32140K [0x000000073f800000, 0x000000074a080000, 0x0000000795300000)
  object space 172544K, 18% used [0x000000073f800000,0x00000007417633c8,0x000000074a080000)
 Metaspace       used 60859K, capacity 62944K, committed 63192K, reserved 1103872K
  class space    used 8430K, capacity 8884K, committed 8960K, reserved 1048576K
Event: 15.160 GC heap after
Heap after GC invocations=14 (full 3):
 PSYoungGen      total 156160K, used 19791K [0x0000000795300000, 0x00000007a1580000, 0x00000007c0000000)
  eden space 135680K, 0% used [0x0000000795300000,0x0000000795300000,0x000000079d780000)
  from space 20480K, 96% used [0x000000079d780000,0x000000079ead3fd0,0x000000079eb80000)
  to   space 23040K, 0% used [0x000000079ff00000,0x000000079ff00000,0x00000007a1580000)
 ParOldGen       total 172544K, used 32148K [0x000000073f800000, 0x000000074a080000, 0x0000000795300000)
  object space 172544K, 18% used [0x000000073f800000,0x00000007417653c8,0x000000074a080000)
 Metaspace       used 60859K, capacity 62944K, committed 63192K, reserved 1103872K
  class space    used 8430K, capacity 8884K, committed 8960K, reserved 1048576K
}
Event: 17.801 GC heap before
{Heap before GC invocations=15 (full 3):
 PSYoungGen      total 156160K, used 155471K [0x0000000795300000, 0x00000007a1580000, 0x00000007c0000000)
  eden space 135680K, 100% used [0x0000000795300000,0x000000079d780000,0x000000079d780000)
  from space 20480K, 96% used [0x000000079d780000,0x000000079ead3fd0,0x000000079eb80000)
  to   space 23040K, 0% used [0x000000079ff00000,0x000000079ff00000,0x00000007a1580000)
 ParOldGen       total 172544K, used 32148K [0x000000073f800000, 0x000000074a080000, 0x0000000795300000)
  object space 172544K, 18% used [0x000000073f800000,0x00000007417653c8,0x000000074a080000)
 Metaspace       used 64555K, capacity 67118K, committed 67416K, reserved 1107968K
  class space    used 8983K, capacity 9499K, committed 9600K, reserved 1048576K
Event: 17.839 GC heap after
Heap after GC invocations=15 (full 3):
 PSYoungGen      total 169984K, used 23028K [0x0000000795300000, 0x00000007a2200000, 0x00000007c0000000)
  eden space 146944K, 0% used [0x0000000795300000,0x0000000795300000,0x000000079e280000)
  from space 23040K, 99% used [0x000000079ff00000,0x00000007a157d2d0,0x00000007a1580000)
  to   space 29184K, 0% used [0x000000079e280000,0x000000079e280000,0x000000079ff00000)
 ParOldGen       total 172544K, used 39837K [0x000000073f800000, 0x000000074a080000, 0x0000000795300000)
  object space 172544K, 23% used [0x000000073f800000,0x0000000741ee7520,0x000000074a080000)
 Metaspace       used 64555K, capacity 67118K, committed 67416K, reserved 1107968K
  class space    used 8983K, capacity 9499K, committed 9600K, reserved 1048576K
}

Deoptimization events (10 events):
Event: 17.337 Thread 0x0000000022997000 Uncommon trap: reason=unstable_if action=reinterpret pc=0x0000000004106d74 method=com.android.tools.r8.dex.j.a()V @ 1414
Event: 17.350 Thread 0x000000002098f000 Uncommon trap: reason=unstable_if action=reinterpret pc=0x00000000041d1880 method=com.android.tools.r8.graph.E.computeHashCode()I @ 38
Event: 17.350 Thread 0x000000002098e000 Uncommon trap: reason=unstable_if action=reinterpret pc=0x00000000041d1880 method=com.android.tools.r8.graph.E.computeHashCode()I @ 38
Event: 17.350 Thread 0x000000002098d800 Uncommon trap: reason=unstable_if action=reinterpret pc=0x00000000041d1880 method=com.android.tools.r8.graph.E.computeHashCode()I @ 38
Event: 17.350 Thread 0x000000002098f000 Uncommon trap: reason=unstable_if action=reinterpret pc=0x00000000041cf4e8 method=com.android.tools.r8.graph.E.computeHashCode()I @ 38
Event: 17.350 Thread 0x000000002098e000 Uncommon trap: reason=unstable_if action=reinterpret pc=0x00000000041cf4e8 method=com.android.tools.r8.graph.E.computeHashCode()I @ 38
Event: 17.350 Thread 0x0000000020995000 Uncommon trap: reason=unstable_if action=reinterpret pc=0x00000000041cf4e8 method=com.android.tools.r8.graph.E.computeHashCode()I @ 38
Event: 17.706 Thread 0x0000000022997000 Uncommon trap: reason=unstable_if action=reinterpret pc=0x0000000004274b8c method=com.android.tools.r8.graph.E.collectIndexedItems(Lcom/android/tools/r8/dex/q;Lcom/android/tools/r8/graph/Y;I)V @ 142
Event: 17.725 Thread 0x0000000022997000 Uncommon trap: reason=class_check action=maybe_recompile pc=0x0000000002fe8fc0 method=java.util.HashMap.putVal(ILjava/lang/Object;Ljava/lang/Object;ZZ)Ljava/lang/Object; @ 203
Event: 17.839 Thread 0x0000000002d25000 Uncommon trap: reason=unstable_if action=reinterpret pc=0x0000000003c7b0f0 method=java.lang.ref.Reference.tryHandlePending(Z)Z @ 20

Classes redefined (0 events):
No events

Internal exceptions (10 events):
Event: 17.123 Thread 0x000000001ff3e800 Implicit null exception at 0x0000000003edb3ca to 0x0000000003edd1bd
Event: 17.124 Thread 0x000000001ff3e800 Implicit null exception at 0x00000000036fe4ee to 0x00000000036fe799
Event: 17.166 Thread 0x000000001ff3e800 Exception <a 'java/lang/NoSuchMethodError': <clinit>> (0x000000079a72c078) thrown at [D:\src\AOSP-openjdk-cygwin\jdk8u\hotspot\src\share\vm\prims\jni.cpp, line 1614]
Event: 17.277 Thread 0x0000000022997000 Exception <a 'sun/nio/fs/WindowsException'> (0x000000079aad90e0) thrown at [D:\src\AOSP-openjdk-cygwin\jdk8u\hotspot\src\share\vm\prims\jni.cpp, line 710]
Event: 17.350 Thread 0x000000002098f000 Implicit null exception at 0x00000000041d12a8 to 0x00000000041d186d
Event: 17.350 Thread 0x000000002098e000 Implicit null exception at 0x00000000041d12a8 to 0x00000000041d186d
Event: 17.350 Thread 0x000000002098d800 Implicit null exception at 0x00000000041d12a8 to 0x00000000041d186d
Event: 17.350 Thread 0x0000000020995000 Implicit null exception at 0x00000000041ced57 to 0x00000000041cf4d1
Event: 17.350 Thread 0x000000002098f000 Implicit null exception at 0x00000000041ced57 to 0x00000000041cf4d1
Event: 17.350 Thread 0x000000002098e000 Implicit null exception at 0x00000000041ced57 to 0x00000000041cf4d1

Events (10 events):
Event: 17.995 Thread 0x0000000022997000 DEOPT PACKING pc=0x000000000433899e sp=0x0000000026ecd760
Event: 17.995 Thread 0x0000000022997000 DEOPT UNPACKING pc=0x0000000002d775d0 sp=0x0000000026ecd4d8 mode 0
Event: 18.005 Thread 0x0000000022997000 DEOPT PACKING pc=0x000000000433899e sp=0x0000000026ecd760
Event: 18.005 Thread 0x0000000022997000 DEOPT UNPACKING pc=0x0000000002d775d0 sp=0x0000000026ecd4d8 mode 0
Event: 18.009 Thread 0x0000000022997000 DEOPT PACKING pc=0x000000000433899e sp=0x0000000026ecd740
Event: 18.009 Thread 0x0000000022997000 DEOPT UNPACKING pc=0x0000000002d775d0 sp=0x0000000026ecd4b8 mode 0
Event: 18.010 Thread 0x0000000022997000 DEOPT PACKING pc=0x000000000433899e sp=0x0000000026ecd740
Event: 18.010 Thread 0x0000000022997000 DEOPT UNPACKING pc=0x0000000002d775d0 sp=0x0000000026ecd4b8 mode 0
Event: 18.012 Thread 0x0000000022997000 DEOPT PACKING pc=0x000000000433899e sp=0x0000000026ecd740
Event: 18.012 Thread 0x0000000022997000 DEOPT UNPACKING pc=0x0000000002d775d0 sp=0x0000000026ecd4b8 mode 0


Dynamic libraries:
0x00007ff7a8e10000 - 0x00007ff7a8e41000 	C:\Program Files\Android\Android Studio\jre\bin\java.exe
0x00007ffbff8a0000 - 0x00007ffbffa90000 	C:\WINDOWS\SYSTEM32\ntdll.dll
0x00007ffbff200000 - 0x00007ffbff2b2000 	C:\WINDOWS\System32\KERNEL32.DLL
0x00007ffbfc920000 - 0x00007ffbfcbc3000 	C:\WINDOWS\System32\KERNELBASE.dll
0x00007ffbff340000 - 0x00007ffbff3e3000 	C:\WINDOWS\System32\ADVAPI32.dll
0x00007ffbfe4d0000 - 0x00007ffbfe56e000 	C:\WINDOWS\System32\msvcrt.dll
0x00007ffbfd960000 - 0x00007ffbfd9f7000 	C:\WINDOWS\System32\sechost.dll
0x00007ffbfe570000 - 0x00007ffbfe690000 	C:\WINDOWS\System32\RPCRT4.dll
0x00007ffbfe900000 - 0x00007ffbfea94000 	C:\WINDOWS\System32\USER32.dll
0x00007ffbfcc80000 - 0x00007ffbfcca1000 	C:\WINDOWS\System32\win32u.dll
0x00007ffbfe880000 - 0x00007ffbfe8a6000 	C:\WINDOWS\System32\GDI32.dll
0x00007ffbfce00000 - 0x00007ffbfcf94000 	C:\WINDOWS\System32\gdi32full.dll
0x00007ffbfc880000 - 0x00007ffbfc91e000 	C:\WINDOWS\System32\msvcp_win.dll
0x00007ffbfcfa0000 - 0x00007ffbfd09a000 	C:\WINDOWS\System32\ucrtbase.dll
0x00007ffbe4950000 - 0x00007ffbe4bd5000 	C:\WINDOWS\WinSxS\amd64_microsoft.windows.common-controls_6595b64144ccf1df_6.0.18362.778_none_e6c6b761130d4fb8\COMCTL32.dll
0x00007ffbfda60000 - 0x00007ffbfdd96000 	C:\WINDOWS\System32\combase.dll
0x00007ffbfd870000 - 0x00007ffbfd8f0000 	C:\WINDOWS\System32\bcryptPrimitives.dll
0x00007ffbfe8d0000 - 0x00007ffbfe8fe000 	C:\WINDOWS\System32\IMM32.DLL
0x0000000077500000 - 0x00000000775d2000 	C:\Program Files\Android\Android Studio\jre\jre\bin\msvcr100.dll
0x00000000769a0000 - 0x00000000771e6000 	C:\Program Files\Android\Android Studio\jre\jre\bin\server\jvm.dll
0x00007ffbfe220000 - 0x00007ffbfe228000 	C:\WINDOWS\System32\PSAPI.DLL
0x00007ffbf7070000 - 0x00007ffbf7079000 	C:\WINDOWS\SYSTEM32\WSOCK32.dll
0x00007ffbf7eb0000 - 0x00007ffbf7ed4000 	C:\WINDOWS\SYSTEM32\WINMM.dll
0x00007ffbea0d0000 - 0x00007ffbea0da000 	C:\WINDOWS\SYSTEM32\VERSION.dll
0x00007ffbfe230000 - 0x00007ffbfe29f000 	C:\WINDOWS\System32\WS2_32.dll
0x00007ffbf7d70000 - 0x00007ffbf7d9d000 	C:\WINDOWS\SYSTEM32\winmmbase.dll
0x00007ffbfd820000 - 0x00007ffbfd86a000 	C:\WINDOWS\System32\cfgmgr32.dll
0x00007ffbf8bb0000 - 0x00007ffbf8bbf000 	C:\Program Files\Android\Android Studio\jre\jre\bin\verify.dll
0x00007ffbf2760000 - 0x00007ffbf2789000 	C:\Program Files\Android\Android Studio\jre\jre\bin\java.dll
0x00007ffbf8b90000 - 0x00007ffbf8ba6000 	C:\Program Files\Android\Android Studio\jre\jre\bin\zip.dll
0x00007ffbfeaa0000 - 0x00007ffbff185000 	C:\WINDOWS\System32\SHELL32.dll
0x00007ffbfe7d0000 - 0x00007ffbfe879000 	C:\WINDOWS\System32\shcore.dll
0x00007ffbfd0a0000 - 0x00007ffbfd820000 	C:\WINDOWS\System32\windows.storage.dll
0x00007ffbfc790000 - 0x00007ffbfc7b3000 	C:\WINDOWS\System32\profapi.dll
0x00007ffbfc7e0000 - 0x00007ffbfc82a000 	C:\WINDOWS\System32\powrprof.dll
0x00007ffbfc760000 - 0x00007ffbfc770000 	C:\WINDOWS\System32\UMPDC.dll
0x00007ffbfe1c0000 - 0x00007ffbfe212000 	C:\WINDOWS\System32\shlwapi.dll
0x00007ffbfc770000 - 0x00007ffbfc781000 	C:\WINDOWS\System32\kernel.appcore.dll
0x00007ffbfc860000 - 0x00007ffbfc877000 	C:\WINDOWS\System32\cryptsp.dll
0x00007ffbf6560000 - 0x00007ffbf657a000 	C:\Program Files\Android\Android Studio\jre\jre\bin\net.dll
0x00007ffbf3090000 - 0x00007ffbf3265000 	C:\WINDOWS\SYSTEM32\urlmon.dll
0x00007ffbf0ed0000 - 0x00007ffbf1176000 	C:\WINDOWS\SYSTEM32\iertutil.dll
0x00007ffbfc140000 - 0x00007ffbfc14c000 	C:\WINDOWS\SYSTEM32\CRYPTBASE.DLL
0x00007ffbfbf70000 - 0x00007ffbfbfd7000 	C:\WINDOWS\system32\mswsock.dll
0x00007ffbf2740000 - 0x00007ffbf2753000 	C:\Program Files\Android\Android Studio\jre\jre\bin\nio.dll
0x00007ffbe6700000 - 0x00007ffbe6726000 	C:\Users\saksh\.gradle\native\30\windows-amd64\native-platform.dll
0x00007ffbf8040000 - 0x00007ffbf804d000 	C:\Program Files\Android\Android Studio\jre\jre\bin\management.dll
0x00007ffbfbae0000 - 0x00007ffbfbb13000 	C:\WINDOWS\system32\rsaenh.dll
0x00007ffbfc830000 - 0x00007ffbfc856000 	C:\WINDOWS\System32\bcrypt.dll
0x00007ffbfc680000 - 0x00007ffbfc6a5000 	C:\WINDOWS\SYSTEM32\USERENV.dll
0x00007ffbfbc80000 - 0x00007ffbfbcba000 	C:\WINDOWS\SYSTEM32\IPHLPAPI.DLL
0x00007ffbfd950000 - 0x00007ffbfd958000 	C:\WINDOWS\System32\NSI.dll
0x00007ffbf5af0000 - 0x00007ffbf5b06000 	C:\WINDOWS\SYSTEM32\dhcpcsvc6.DLL
0x00007ffbf61b0000 - 0x00007ffbf61cc000 	C:\WINDOWS\SYSTEM32\dhcpcsvc.DLL
0x00007ffbfbd10000 - 0x00007ffbfbdda000 	C:\WINDOWS\SYSTEM32\DNSAPI.dll

VM Arguments:
jvm_args: -Xmx2056m -Dfile.encoding=windows-1252 -Duser.country=IN -Duser.language=en -Duser.variant 
java_command: org.gradle.launcher.daemon.bootstrap.GradleDaemon 5.6.4
java_class_path (initial): C:\Users\saksh\.gradle\wrapper\dists\gradle-5.6.4-all\ankdp27end7byghfw1q2sw75f\gradle-5.6.4\lib\gradle-launcher-5.6.4.jar
Launcher Type: SUN_STANDARD

Environment Variables:
PATH=C:\app\saksh\product\11.2.0\dbhome_2\bin;C:\Program Files (x86)\Common Files\Oracle\Java\javapath;C:\Program Files (x86)\Intel\iCLS Client\;C:\Program Files\Intel\iCLS Client\;C:\WINDOWS\system32;C:\WINDOWS;C:\WINDOWS\System32\Wbem;C:\WINDOWS\System32\WindowsPowerShell\v1.0\;C:\WINDOWS\System32\OpenSSH\;C:\Program Files (x86)\Intel\Intel(R) Management Engine Components\DAL;C:\Program Files\Intel\Intel(R) Management Engine Components\DAL;C:\Program Files (x86)\Intel\Intel(R) Management Engine Components\IPT;C:\Program Files\Intel\Intel(R) Management Engine Components\IPT;C:\Program Files\PuTTY\;C:\Program Files\nodejs\;C:\Program Files\Git\cmd;C:\Users\saksh\AppData\Local\Microsoft\WindowsApps;C:\Users\saksh\instantclient-basiclite-windows.x64-19.3.0.0.0dbru;C:\Users\saksh\AppData\Roaming\npm
USERNAME=saksh
OS=Windows_NT
PROCESSOR_IDENTIFIER=Intel64 Family 6 Model 142 Stepping 10, GenuineIntel



---------------  S Y S T E M  ---------------

OS: Windows 10.0 , 64 bit Build 18362 (10.0.18362.778)

CPU:total 8 (initial active 8) (4 cores per cpu, 2 threads per core) family 6 model 142 stepping 10, cmov, cx8, fxsr, mmx, sse, sse2, sse3, ssse3, sse4.1, sse4.2, popcnt, avx, avx2, aes, clmul, erms, 3dnowpref, lzcnt, ht, tsc, tscinvbit, bmi1, bmi2, adx

Memory: 4k page, physical 8295652k(1805784k free), swap 8295652k(6416k free)

vm_info: OpenJDK 64-Bit Server VM (25.212-b04) for windows-amd64 JRE (1.8.0_212-release-1586-b04), built by "builder" with MS VC++ 10.0 (VS2010)

time: Mon Apr 27 19:18:54 2020
timezone: India Standard Time
elapsed time: 18 seconds (0d 0h 0m 18s)

